<?xml version="1.0" encoding="UTF-8"?>
<!-- Generated by org.testng.reporters.JUnitXMLReporter -->
<testsuite hostname="madhu" ignored="0" name="personal loan" tests="26" failures="0" timestamp="21 Jul 2018 05:36:48 GMT" time="0.354" errors="0">
  <testcase name="demo" time="0.016" classname="testng.TestNG_1"/>
  <testcase name="demo2" time="0.005" classname="testng.TestNG_1"/>
  <testcase name="demo2_2" time="0.008" classname="testng2.TestNG_1"/>
  <testcase name="demo_2" time="0.014" classname="testng2.TestNG_1"/>
  <testcase name="demo" time="0.01" classname="testng.TestNG_2"/>
  <testcase name="demo2" time="0.006" classname="testng.TestNG_2"/>
  <testcase name="demo2_2" time="0.001" classname="testng2.TestNG_2"/>
  <testcase name="demo_2" time="0.013" classname="testng2.TestNG_2"/>
  <testcase name="LoginAPICarLoan" time="0.004" classname="testng.TestNG_3"/>
  <testcase name="MobileLoginCarLoan" time="0.002" classname="testng.TestNG_3"/>
  <testcase name="WebLoginCarLoan" time="0.003" classname="testng.TestNG_3"/>
  <testcase name="LoginAPICarLoan_2" time="0.002" classname="testng2.TestNG_3"/>
  <testcase name="MobileLoginCarLoan_2" time="0.002" classname="testng2.TestNG_3"/>
  <testcase name="WebLoginCarLoan_2" time="0.004" classname="testng2.TestNG_3"/>
  <testcase name="LoginAPIHomeLoan" time="0.002" classname="testng.TestNG_4"/>
  <testcase name="MobileLoginHomeLoan" time="0.004" classname="testng.TestNG_4"/>
  <testcase name="WebLoginHomeLoan" time="0.002" classname="testng.TestNG_4"/>
  <testcase name="WebLogoutHomeLoan" time="0.002" classname="testng.TestNG_4"/>
  <testcase name="WebSignInHomeLoan" time="0.002" classname="testng.TestNG_4"/>
  <testcase name="WebSignOutHomeLoan" time="0.003" classname="testng.TestNG_4"/>
  <testcase name="LoginAPIHomeLoan" time="0.003" classname="testng2.TestNG_4"/>
  <testcase name="MobileLoginHomeLoan_2" time="0.003" classname="testng2.TestNG_4"/>
  <testcase name="WebLoginHomeLoan_2" time="0.002" classname="testng2.TestNG_4"/>
  <testcase name="WebLogoutHomeLoan_2" time="0.006" classname="testng2.TestNG_4"/>
  <testcase name="WebSignInHomeLoan_2" time="0.002" classname="testng2.TestNG_4"/>
  <testcase name="WebSignOutHomeLoan_2" time="0.003" classname="testng2.TestNG_4"/>
</testsuite> <!-- personal loan -->
