<?xml version="1.0" encoding="UTF-8"?>
<!-- Generated by org.testng.reporters.JUnitXMLReporter -->
<testsuite hostname="madhu" ignored="1" name="Regression" tests="9" failures="1" timestamp="21 Jul 2018 08:39:06 GMT" time="0.218" errors="0">
  <testcase name="LoginAPIHomeLoan" time="0.096" classname="testng.TestNG_4"/>
  <testcase name="MobileLoginHomeLoan" time="0.006" classname="testng.TestNG_4"/>
  <testcase name="WebLogoutHomeLoan" time="0.002" classname="testng.TestNG_4"/>
  <testcase name="WebSignInHomeLoan" time="0.002" classname="testng.TestNG_4"/>
  <testcase name="WebSignOutHomeLoan" time="0.002" classname="testng.TestNG_4">
    <failure type="java.lang.AssertionError" message="expected [true] but found [false]">
      <![CDATA[java.lang.AssertionError: expected [true] but found [false]
at testng.TestNG_4.WebSignOutHomeLoan(TestNG_4.java:43)
at java.util.concurrent.FutureTask.run(Unknown Source)
at java.util.concurrent.ThreadPoolExecutor.runWorker(Unknown Source)
at java.util.concurrent.ThreadPoolExecutor$Worker.run(Unknown Source)
at java.lang.Thread.run(Unknown Source)
... Removed 20 stack frames]]>
    </failure>
  </testcase> <!-- WebSignOutHomeLoan -->
  <testcase name="demo" time="0.002" classname="testng.TestNG_1"/>
  <testcase name="demo2" time="0.003" classname="testng.TestNG_1"/>
  <testcase name="demo" time="0.001" classname="testng.TestNG_2"/>
  <testcase name="demo2" time="0.002" classname="testng.TestNG_2"/>
  <testcase name="WebLoginHomeLoan" time="0.0" classname="testng.TestNG_4">
    <ignored/>
  </testcase> <!-- WebLoginHomeLoan -->
</testsuite> <!-- Regression -->
