<?xml version="1.0" encoding="UTF-8"?>
<!-- Generated by org.testng.reporters.JUnitXMLReporter -->
<testsuite hostname="madhu" ignored="0" name="Test" tests="4" failures="0" timestamp="13 Jun 2018 00:15:35 GMT" time="0.148" errors="0">
  <testcase name="demo" time="0.016" classname="testng.TestNG_1"/>
  <testcase name="demo2" time="0.003" classname="testng.TestNG_1"/>
  <testcase name="demo" time="0.005" classname="testng.TestNG_2"/>
  <testcase name="demo2" time="0.004" classname="testng.TestNG_2"/>
</testsuite> <!-- Test -->
