<?xml version="1.0" encoding="UTF-8"?>
<!-- Generated by org.testng.reporters.JUnitXMLReporter -->
<testsuite hostname="madhu" ignored="1" name="Personal Loan" tests="3" failures="1" timestamp="21 Jul 2018 07:12:07 GMT" time="0.111" errors="0">
  <testcase name="demo" time="0.012" classname="testng.TestNG_1"/>
  <testcase name="demo" time="0.0" classname="testng.TestNG_2">
    <failure type="org.testng.TestNGException" message="
Parameter &amp;apos;URL&amp;apos; is required by @Test on method demo but has not been marked @Optional or defined
in G:\SeleniumPractice\SeleniumWithJava\testng.xml">
      <![CDATA[org.testng.TestNGException: 
Parameter 'URL' is required by @Test on method demo but has not been marked @Optional or defined
in G:\SeleniumPractice\SeleniumWithJava\testng.xml
... Removed 24 stack frames]]>
    </failure>
  </testcase> <!-- demo -->
  <testcase name="demo2" time="0.018" classname="testng.TestNG_2"/>
  <testcase name="demo2" time="0.0" classname="testng.TestNG_1">
    <ignored/>
  </testcase> <!-- demo2 -->
</testsuite> <!-- Personal Loan -->
