<?xml version="1.0" encoding="UTF-8"?>
<testng-results ignored="0" total="3" passed="3" failed="0" skipped="0">
  <reporter-output>
  </reporter-output>
  <suite started-at="2021-07-28T20:37:37 IST" name="Default suite" finished-at="2021-07-28T20:38:06 IST" duration-ms="29176">
    <groups>
    </groups>
    <test started-at="2021-07-28T20:37:37 IST" name="Default test" finished-at="2021-07-28T20:38:06 IST" duration-ms="29176">
      <class name="automation_testing.TestClass">
        <test-method is-config="true" signature="driverSetup()[pri:0, instance:automation_testing.TestClass@1fb700ee]" started-at="2021-07-28T20:37:37 IST" name="driverSetup" finished-at="2021-07-28T20:37:56 IST" duration-ms="19180" status="PASS">
          <reporter-output>
          </reporter-output>
        </test-method> <!-- driverSetup -->
        <test-method signature="login()[pri:0, instance:automation_testing.TestClass@1fb700ee]" started-at="2021-07-28T20:37:56 IST" name="login" finished-at="2021-07-28T20:37:58 IST" duration-ms="2346" status="PASS">
          <reporter-output>
          </reporter-output>
        </test-method> <!-- login -->
        <test-method signature="createProject()[pri:1, instance:automation_testing.TestClass@1fb700ee]" started-at="2021-07-28T20:37:58 IST" name="createProject" finished-at="2021-07-28T20:38:00 IST" duration-ms="1933" status="PASS">
          <reporter-output>
          </reporter-output>
        </test-method> <!-- createProject -->
        <test-method signature="newSimulation()[pri:2, instance:automation_testing.TestClass@1fb700ee]" started-at="2021-07-28T20:38:00 IST" name="newSimulation" finished-at="2021-07-28T20:38:03 IST" duration-ms="3046" status="PASS">
          <reporter-output>
          </reporter-output>
        </test-method> <!-- newSimulation -->
        <test-method is-config="true" signature="closeDriver()[pri:0, instance:automation_testing.TestClass@1fb700ee]" started-at="2021-07-28T20:38:03 IST" name="closeDriver" finished-at="2021-07-28T20:38:06 IST" duration-ms="2617" status="PASS">
          <reporter-output>
          </reporter-output>
        </test-method> <!-- closeDriver -->
      </class> <!-- automation_testing.TestClass -->
    </test> <!-- Default test -->
  </suite> <!-- Default suite -->
</testng-results>
