<?xml version="1.0" encoding="UTF-8"?>
<!-- Generated by org.testng.reporters.JUnitXMLReporter -->
<testsuite ignored="0" hostname="LAPTOP-V7IFHJLN" failures="0" tests="3" name="Default test" time="29.176" errors="0" timestamp="2021-07-28T20:38:06 IST">
  <testcase classname="automation_testing.TestClass" name="login" time="2.346"/>
  <testcase classname="automation_testing.TestClass" name="createProject" time="1.933"/>
  <testcase classname="automation_testing.TestClass" name="newSimulation" time="3.046"/>
</testsuite> <!-- Default test -->
